[debug] [2021-05-31T16:09:42.742Z] ----------------------------------------------------------------------
[debug] [2021-05-31T16:09:42.745Z] Command:       /usr/local/bin/node /usr/local/bin/firebase deploy
[debug] [2021-05-31T16:09:42.745Z] CLI Version:   9.12.0
[debug] [2021-05-31T16:09:42.746Z] Platform:      darwin
[debug] [2021-05-31T16:09:42.746Z] Node Version:  v14.17.0
[debug] [2021-05-31T16:09:42.747Z] Time:          Mon May 31 2021 19:09:42 GMT+0300 (Восточная Европа, летнее время)
[debug] [2021-05-31T16:09:42.747Z] ----------------------------------------------------------------------
[debug] 
[debug] [2021-05-31T16:09:42.756Z] > command requires scopes: ["email","openid","https://www.googleapis.com/auth/cloudplatformprojects.readonly","https://www.googleapis.com/auth/firebase","https://www.googleapis.com/auth/cloud-platform"]
[debug] [2021-05-31T16:09:42.757Z] > authorizing via signed-in user (fapmasterbananas@gmail.com)
[debug] [2021-05-31T16:09:42.757Z] [iam] checking project shopapp-c6bae for permissions ["cloudfunctions.functions.create","cloudfunctions.functions.delete","cloudfunctions.functions.get","cloudfunctions.functions.list","cloudfunctions.functions.update","cloudfunctions.operations.get","firebase.projects.get","firebasehosting.sites.update"]
[debug] [2021-05-31T16:09:42.759Z] >>> HTTP REQUEST POST https://cloudresourcemanager.googleapis.com/v1/projects/shopapp-c6bae:testIamPermissions  
 {"permissions":["cloudfunctions.functions.create","cloudfunctions.functions.delete","cloudfunctions.functions.get","cloudfunctions.functions.list","cloudfunctions.functions.update","cloudfunctions.operations.get","firebase.projects.get","firebasehosting.sites.update"]}
[debug] [2021-05-31T16:09:43.150Z] <<< HTTP RESPONSE 200 {"content-type":"application/json; charset=UTF-8","vary":"X-Origin, Referer, Origin,Accept-Encoding","date":"Mon, 31 May 2021 16:09:43 GMT","server":"ESF","cache-control":"private","x-xss-protection":"0","x-frame-options":"SAMEORIGIN","x-content-type-options":"nosniff","server-timing":"gfet4t7; dur=134","alt-svc":"h3-29=\":443\"; ma=2592000,h3-T051=\":443\"; ma=2592000,h3-Q050=\":443\"; ma=2592000,h3-Q046=\":443\"; ma=2592000,h3-Q043=\":443\"; ma=2592000,quic=\":443\"; ma=2592000; v=\"46,43\"","accept-ranges":"none","transfer-encoding":"chunked"}
[debug] [2021-05-31T16:09:43.152Z] >>> HTTP REQUEST POST https://iam.googleapis.com/v1/projects/shopapp-c6bae/serviceAccounts/shopapp-c6bae@appspot.gserviceaccount.com:testIamPermissions  
 {"permissions":["iam.serviceAccounts.actAs"]}
[debug] [2021-05-31T16:09:43.931Z] <<< HTTP RESPONSE 200 {"content-type":"application/json; charset=UTF-8","vary":"X-Origin, Referer, Origin,Accept-Encoding","date":"Mon, 31 May 2021 16:09:43 GMT","server":"ESF","cache-control":"private","x-xss-protection":"0","x-frame-options":"SAMEORIGIN","x-content-type-options":"nosniff","alt-svc":"h3-29=\":443\"; ma=2592000,h3-T051=\":443\"; ma=2592000,h3-Q050=\":443\"; ma=2592000,h3-Q046=\":443\"; ma=2592000,h3-Q043=\":443\"; ma=2592000,quic=\":443\"; ma=2592000; v=\"46,43\"","accept-ranges":"none","transfer-encoding":"chunked"}
[debug] [2021-05-31T16:09:43.933Z] > refreshing access token with scopes: []
[debug] [2021-05-31T16:09:43.933Z] >>> HTTP REQUEST POST https://www.googleapis.com/oauth2/v3/token  
 <request body omitted>
[debug] [2021-05-31T16:09:44.114Z] <<< HTTP RESPONSE 200 {"pragma":"no-cache","cache-control":"no-cache, no-store, max-age=0, must-revalidate","expires":"Mon, 01 Jan 1990 00:00:00 GMT","date":"Mon, 31 May 2021 16:09:44 GMT","content-type":"application/json; charset=utf-8","vary":"X-Origin, Referer, Origin,Accept-Encoding","server":"scaffolding on HTTPServer2","x-xss-protection":"0","x-frame-options":"SAMEORIGIN","x-content-type-options":"nosniff","alt-svc":"h3-29=\":443\"; ma=2592000,h3-T051=\":443\"; ma=2592000,h3-Q050=\":443\"; ma=2592000,h3-Q046=\":443\"; ma=2592000,h3-Q043=\":443\"; ma=2592000,quic=\":443\"; ma=2592000; v=\"46,43\"","accept-ranges":"none","transfer-encoding":"chunked"}
[debug] [2021-05-31T16:09:44.169Z] >>> [apiv2][query] GET https://firebase.googleapis.com/v1beta1/projects/shopapp-c6bae [none]
[debug] [2021-05-31T16:09:44.417Z] <<< [apiv2][status] GET https://firebase.googleapis.com/v1beta1/projects/shopapp-c6bae 200
[debug] [2021-05-31T16:09:44.417Z] <<< [apiv2][body] GET https://firebase.googleapis.com/v1beta1/projects/shopapp-c6bae {"projectId":"shopapp-c6bae","projectNumber":"116855850513","displayName":"shopApp","name":"projects/shopapp-c6bae","resources":{"hostingSite":"shopapp-c6bae","storageBucket":"shopapp-c6bae.appspot.com","locationId":"us-central"},"state":"ACTIVE"}
[info] 
[info] === Deploying to 'shopapp-c6bae'...
[info] 
[info] i  deploying functions, hosting 
[info] i  functions: ensuring required API cloudfunctions.googleapis.com is enabled... 
[debug] [2021-05-31T16:09:49.966Z] > refreshing access token with scopes: ["email","https://www.googleapis.com/auth/cloud-platform","https://www.googleapis.com/auth/cloudplatformprojects.readonly","https://www.googleapis.com/auth/firebase","openid"]
[debug] [2021-05-31T16:09:49.966Z] >>> HTTP REQUEST POST https://www.googleapis.com/oauth2/v3/token  
 <request body omitted>
[debug] [2021-05-31T16:09:49.967Z] > refreshing access token with scopes: ["email","https://www.googleapis.com/auth/cloud-platform","https://www.googleapis.com/auth/cloudplatformprojects.readonly","https://www.googleapis.com/auth/firebase","openid"]
[debug] [2021-05-31T16:09:49.967Z] >>> HTTP REQUEST POST https://www.googleapis.com/oauth2/v3/token  
 <request body omitted>
[info] i  functions: ensuring required API cloudbuild.googleapis.com is enabled... 
[debug] [2021-05-31T16:09:49.968Z] > refreshing access token with scopes: ["email","https://www.googleapis.com/auth/cloud-platform","https://www.googleapis.com/auth/cloudplatformprojects.readonly","https://www.googleapis.com/auth/firebase","openid"]
[debug] [2021-05-31T16:09:49.968Z] >>> HTTP REQUEST POST https://www.googleapis.com/oauth2/v3/token  
 <request body omitted>
[debug] [2021-05-31T16:09:50.167Z] <<< HTTP RESPONSE 200 {"cache-control":"no-cache, no-store, max-age=0, must-revalidate","date":"Mon, 31 May 2021 16:09:50 GMT","pragma":"no-cache","expires":"Mon, 01 Jan 1990 00:00:00 GMT","content-type":"application/json; charset=utf-8","vary":"X-Origin, Referer, Origin,Accept-Encoding","server":"scaffolding on HTTPServer2","x-xss-protection":"0","x-frame-options":"SAMEORIGIN","x-content-type-options":"nosniff","alt-svc":"h3-29=\":443\"; ma=2592000,h3-T051=\":443\"; ma=2592000,h3-Q050=\":443\"; ma=2592000,h3-Q046=\":443\"; ma=2592000,h3-Q043=\":443\"; ma=2592000,quic=\":443\"; ma=2592000; v=\"46,43\"","accept-ranges":"none","transfer-encoding":"chunked"}
[debug] [2021-05-31T16:09:50.219Z] >>> HTTP REQUEST GET https://serviceusage.googleapis.com/v1/projects/shopapp-c6bae/services/cloudbuild.googleapis.com  
 
[debug] [2021-05-31T16:09:50.223Z] <<< HTTP RESPONSE 200 {"pragma":"no-cache","expires":"Mon, 01 Jan 1990 00:00:00 GMT","cache-control":"no-cache, no-store, max-age=0, must-revalidate","date":"Mon, 31 May 2021 16:09:50 GMT","content-type":"application/json; charset=utf-8","vary":"X-Origin, Referer, Origin,Accept-Encoding","server":"scaffolding on HTTPServer2","x-xss-protection":"0","x-frame-options":"SAMEORIGIN","x-content-type-options":"nosniff","alt-svc":"h3-29=\":443\"; ma=2592000,h3-T051=\":443\"; ma=2592000,h3-Q050=\":443\"; ma=2592000,h3-Q046=\":443\"; ma=2592000,h3-Q043=\":443\"; ma=2592000,quic=\":443\"; ma=2592000; v=\"46,43\"","accept-ranges":"none","transfer-encoding":"chunked"}
[debug] [2021-05-31T16:09:50.239Z] >>> HTTP REQUEST GET https://serviceusage.googleapis.com/v1/projects/shopapp-c6bae/services/runtimeconfig.googleapis.com  
 
[debug] [2021-05-31T16:09:50.240Z] <<< HTTP RESPONSE 200 {"cache-control":"no-cache, no-store, max-age=0, must-revalidate","pragma":"no-cache","date":"Mon, 31 May 2021 16:09:50 GMT","expires":"Mon, 01 Jan 1990 00:00:00 GMT","content-type":"application/json; charset=utf-8","vary":"X-Origin, Referer, Origin,Accept-Encoding","server":"scaffolding on HTTPServer2","x-xss-protection":"0","x-frame-options":"SAMEORIGIN","x-content-type-options":"nosniff","alt-svc":"h3-29=\":443\"; ma=2592000,h3-T051=\":443\"; ma=2592000,h3-Q050=\":443\"; ma=2592000,h3-Q046=\":443\"; ma=2592000,h3-Q043=\":443\"; ma=2592000,quic=\":443\"; ma=2592000; v=\"46,43\"","accept-ranges":"none","transfer-encoding":"chunked"}
[debug] [2021-05-31T16:09:50.254Z] >>> HTTP REQUEST GET https://serviceusage.googleapis.com/v1/projects/shopapp-c6bae/services/cloudfunctions.googleapis.com  
 
[debug] [2021-05-31T16:09:51.358Z] <<< HTTP RESPONSE 200 {"content-type":"application/json; charset=UTF-8","vary":"X-Origin, Referer, Origin,Accept-Encoding","date":"Mon, 31 May 2021 16:09:51 GMT","server":"ESF","cache-control":"private","x-xss-protection":"0","x-frame-options":"SAMEORIGIN","x-content-type-options":"nosniff","alt-svc":"h3-29=\":443\"; ma=2592000,h3-T051=\":443\"; ma=2592000,h3-Q050=\":443\"; ma=2592000,h3-Q046=\":443\"; ma=2592000,h3-Q043=\":443\"; ma=2592000,quic=\":443\"; ma=2592000; v=\"46,43\"","accept-ranges":"none","transfer-encoding":"chunked"}
[debug] [2021-05-31T16:09:51.390Z] <<< HTTP RESPONSE 200 {"content-type":"application/json; charset=UTF-8","vary":"X-Origin, Referer, Origin,Accept-Encoding","date":"Mon, 31 May 2021 16:09:51 GMT","server":"ESF","cache-control":"private","x-xss-protection":"0","x-frame-options":"SAMEORIGIN","x-content-type-options":"nosniff","alt-svc":"h3-29=\":443\"; ma=2592000,h3-T051=\":443\"; ma=2592000,h3-Q050=\":443\"; ma=2592000,h3-Q046=\":443\"; ma=2592000,h3-Q043=\":443\"; ma=2592000,quic=\":443\"; ma=2592000; v=\"46,43\"","accept-ranges":"none","transfer-encoding":"chunked"}
[info] ✔  functions: required API cloudbuild.googleapis.com is enabled 
[debug] [2021-05-31T16:09:51.414Z] <<< HTTP RESPONSE 200 {"content-type":"application/json; charset=UTF-8","vary":"X-Origin, Referer, Origin,Accept-Encoding","date":"Mon, 31 May 2021 16:09:51 GMT","server":"ESF","cache-control":"private","x-xss-protection":"0","x-frame-options":"SAMEORIGIN","x-content-type-options":"nosniff","alt-svc":"h3-29=\":443\"; ma=2592000,h3-T051=\":443\"; ma=2592000,h3-Q050=\":443\"; ma=2592000,h3-Q046=\":443\"; ma=2592000,h3-Q043=\":443\"; ma=2592000,quic=\":443\"; ma=2592000; v=\"46,43\"","accept-ranges":"none","transfer-encoding":"chunked"}
[info] ✔  functions: required API cloudfunctions.googleapis.com is enabled 
[debug] [2021-05-31T16:09:51.416Z] >>> HTTP REQUEST GET https://firebase.googleapis.com/v1beta1/projects/shopapp-c6bae/adminSdkConfig  
 
[debug] [2021-05-31T16:09:51.871Z] <<< HTTP RESPONSE 200 {"content-type":"application/json; charset=UTF-8","vary":"X-Origin, Referer, Origin,Accept-Encoding","date":"Mon, 31 May 2021 16:09:51 GMT","server":"ESF","cache-control":"private","x-xss-protection":"0","x-frame-options":"SAMEORIGIN","x-content-type-options":"nosniff","alt-svc":"h3-29=\":443\"; ma=2592000,h3-T051=\":443\"; ma=2592000,h3-Q050=\":443\"; ma=2592000,h3-Q046=\":443\"; ma=2592000,h3-Q043=\":443\"; ma=2592000,quic=\":443\"; ma=2592000; v=\"46,43\"","accept-ranges":"none","transfer-encoding":"chunked"}
[info] i  functions: preparing ./functions directory for uploading... 
[debug] [2021-05-31T16:09:51.872Z] >>> HTTP REQUEST GET https://runtimeconfig.googleapis.com/v1beta1/projects/shopapp-c6bae/configs  
 
[debug] [2021-05-31T16:09:52.380Z] <<< HTTP RESPONSE 200 {"content-type":"application/json; charset=UTF-8","vary":"X-Origin, Referer, Origin,Accept-Encoding","date":"Mon, 31 May 2021 16:09:52 GMT","server":"ESF","cache-control":"private","x-xss-protection":"0","x-frame-options":"SAMEORIGIN","x-content-type-options":"nosniff","alt-svc":"h3-29=\":443\"; ma=2592000,h3-T051=\":443\"; ma=2592000,h3-Q050=\":443\"; ma=2592000,h3-Q046=\":443\"; ma=2592000,h3-Q043=\":443\"; ma=2592000,quic=\":443\"; ma=2592000; v=\"46,43\"","accept-ranges":"none","transfer-encoding":"chunked"}
[debug] [2021-05-31T16:09:52.381Z] Analyizing backend with strategy parseJSExports
[info] i  functions: packaged ./functions (25.17 KB) for uploading 
[info] i  pubsub: ensuring required API pubsub.googleapis.com is enabled... 
[info] i  scheduler: ensuring required API cloudscheduler.googleapis.com is enabled... 
[debug] [2021-05-31T16:09:52.888Z] >>> HTTP REQUEST GET https://serviceusage.googleapis.com/v1/projects/shopapp-c6bae/services/pubsub.googleapis.com  
 
[debug] [2021-05-31T16:09:52.923Z] >>> HTTP REQUEST GET https://serviceusage.googleapis.com/v1/projects/shopapp-c6bae/services/cloudscheduler.googleapis.com  
 
[debug] [2021-05-31T16:09:52.925Z] > [functions] package.json contents: {
  "name": "functions",
  "scripts": {
    "install": "npm install",
    "build": "tsc",
    "serve": "npm run build && firebase emulators:start --only functions",
    "shell": "npm run build && firebase functions:shell",
    "start": "npm run shell",
    "deploy": "firebase deploy --only functions",
    "logs": "firebase functions:log"
  },
  "engines": {
    "node": "12"
  },
  "main": "lib/index.js",
  "dependencies": {
    "firebase-admin": "^9.2.0",
    "firebase-functions": "^3.11.0"
  },
  "devDependencies": {
    "firebase-functions-test": "^0.2.0",
    "typescript": "^3.8.0"
  },
  "private": true
}
[debug] [2021-05-31T16:09:52.926Z] >>> HTTP REQUEST GET https://cloudfunctions.googleapis.com/v1/projects/shopapp-c6bae/locations/-/functions  
 
[debug] [2021-05-31T16:09:53.520Z] <<< HTTP RESPONSE 200 {"content-type":"application/json; charset=UTF-8","vary":"X-Origin, Referer, Origin,Accept-Encoding","date":"Mon, 31 May 2021 16:09:53 GMT","server":"ESF","cache-control":"private","x-xss-protection":"0","x-frame-options":"SAMEORIGIN","x-content-type-options":"nosniff","alt-svc":"h3-29=\":443\"; ma=2592000,h3-T051=\":443\"; ma=2592000,h3-Q050=\":443\"; ma=2592000,h3-Q046=\":443\"; ma=2592000,h3-Q043=\":443\"; ma=2592000,quic=\":443\"; ma=2592000; v=\"46,43\"","accept-ranges":"none","transfer-encoding":"chunked"}
[debug] [2021-05-31T16:09:53.525Z] >>> HTTP REQUEST POST https://firebasehosting.googleapis.com/v1beta1/sites/shopapp-c6bae/versions  
 {"config":{"rewrites":[{"glob":"**","path":"/index.html"}]},"labels":{"deployment-tool":"cli-firebase"}}
[debug] [2021-05-31T16:09:53.885Z] <<< HTTP RESPONSE 200 {"content-type":"application/json; charset=UTF-8","vary":"X-Origin, Referer, Origin,Accept-Encoding","date":"Mon, 31 May 2021 16:09:53 GMT","server":"ESF","cache-control":"private","x-xss-protection":"0","x-frame-options":"SAMEORIGIN","x-content-type-options":"nosniff","alt-svc":"h3-29=\":443\"; ma=2592000,h3-T051=\":443\"; ma=2592000,h3-Q050=\":443\"; ma=2592000,h3-Q046=\":443\"; ma=2592000,h3-Q043=\":443\"; ma=2592000,quic=\":443\"; ma=2592000; v=\"46,43\"","accept-ranges":"none","transfer-encoding":"chunked"}
[info] ✔  scheduler: required API cloudscheduler.googleapis.com is enabled 
[debug] [2021-05-31T16:09:53.918Z] <<< HTTP RESPONSE 200 {"content-type":"application/json; charset=UTF-8","vary":"X-Origin, Referer, Origin,Accept-Encoding","date":"Mon, 31 May 2021 16:09:53 GMT","server":"ESF","cache-control":"private","x-xss-protection":"0","x-frame-options":"SAMEORIGIN","x-content-type-options":"nosniff","alt-svc":"h3-29=\":443\"; ma=2592000,h3-T051=\":443\"; ma=2592000,h3-Q050=\":443\"; ma=2592000,h3-Q046=\":443\"; ma=2592000,h3-Q043=\":443\"; ma=2592000,quic=\":443\"; ma=2592000; v=\"46,43\"","accept-ranges":"none","transfer-encoding":"chunked"}
[info] ✔  pubsub: required API pubsub.googleapis.com is enabled 
[debug] [2021-05-31T16:09:54.427Z] <<< HTTP RESPONSE 200 {"content-type":"application/json; charset=UTF-8","vary":"X-Origin, Referer, Origin,Accept-Encoding","date":"Mon, 31 May 2021 16:09:54 GMT","server":"ESF","cache-control":"private","x-xss-protection":"0","x-frame-options":"SAMEORIGIN","x-content-type-options":"nosniff","alt-svc":"h3-29=\":443\"; ma=2592000,h3-T051=\":443\"; ma=2592000,h3-Q050=\":443\"; ma=2592000,h3-Q046=\":443\"; ma=2592000,h3-Q043=\":443\"; ma=2592000,quic=\":443\"; ma=2592000; v=\"46,43\"","accept-ranges":"none","transfer-encoding":"chunked"}
[debug] [2021-05-31T16:09:54.428Z] >>> HTTP REQUEST POST https://cloudfunctions.googleapis.com/v1/projects/shopapp-c6bae/locations/us-central1/functions:generateUploadUrl  
 
[debug] [2021-05-31T16:09:55.145Z] <<< HTTP RESPONSE 200 {"content-type":"application/json; charset=UTF-8","vary":"X-Origin, Referer, Origin,Accept-Encoding","date":"Mon, 31 May 2021 16:09:55 GMT","server":"ESF","cache-control":"private","x-xss-protection":"0","x-frame-options":"SAMEORIGIN","x-content-type-options":"nosniff","alt-svc":"h3-29=\":443\"; ma=2592000,h3-T051=\":443\"; ma=2592000,h3-Q050=\":443\"; ma=2592000,h3-Q046=\":443\"; ma=2592000,h3-Q043=\":443\"; ma=2592000,quic=\":443\"; ma=2592000; v=\"46,43\"","accept-ranges":"none","transfer-encoding":"chunked"}
[debug] [2021-05-31T16:09:55.146Z] >>> HTTP REQUEST PUT https://storage.googleapis.com/gcf-upload-us-central1-0bca5915-33ee-40a6-a6d9-67ce249b0c83/b917b9ca-5146-4dbe-a1c5-5d7a1b9255fb.zip?GoogleAccessId=service-116855850513@gcf-admin-robot.iam.gserviceaccount.com&Expires=1622479194&Signature=iKba4VEfEKjnJ4BgSEFQjRT6I0GsZrlIEdby0%2FzSMWQA7BEEG76kAzcSUZkAp6Av1c6aFvAgLz3IzhgE9PsergpmZQlJehe%2FWjVv0aFT6q2Vf7iwby%2BkZ6aWXziio4%2BA4N4V0Dq9OSShUMajqlaYZDhhgFz3zv2fJdwOwBADuzlGnVoWWt0dP1onbL%2FwCv6jEK%2Bh06XUsqv0ODu5hfQlVoRuS5UGkOTppJwKmQgUdkGsa0uV24wpHi3IoPCzKDlGc7EMuYc4wnobvsc3ul%2BR%2FCIdg3ilrb5qreV3BgBCwu7gs%2FMu6Y13S1Z%2BBg5MWi98V3%2FQiFJXa%2BcRnu%2FRIoKqQA%3D%3D  
 <request body omitted>
[debug] [2021-05-31T16:09:55.553Z] <<< HTTP RESPONSE 200 {"x-guploader-uploadid":"ABg5-UwZgzrliKrjQZEhPHX4jagZLvkt9d0rIM_z6wziEQV-tqKIg-za-NsmH5tidzY4AP8BMnYlQQK2FK5Q4wigbjI","etag":"\"a7e24706532b7dd2e5931aa19d8396f2\"","x-goog-generation":"1622477395454083","x-goog-metageneration":"1","x-goog-hash":"crc32c=ursDIQ==, md5=p+JHBlMrfdLlkxqhnYOW8g==","x-goog-stored-content-length":"25778","x-goog-stored-content-encoding":"identity","vary":"Origin","content-length":"0","date":"Mon, 31 May 2021 16:09:55 GMT","server":"UploadServer","content-type":"text/html; charset=UTF-8","alt-svc":"h3-29=\":443\"; ma=2592000,h3-T051=\":443\"; ma=2592000,h3-Q050=\":443\"; ma=2592000,h3-Q046=\":443\"; ma=2592000,h3-Q043=\":443\"; ma=2592000,quic=\":443\"; ma=2592000; v=\"46,43\""}
[info] ✔  functions: ./functions folder uploaded successfully 
[info] i  hosting[shopapp-c6bae]: beginning deploy... 
[info] i  hosting[shopapp-c6bae]: found 8 files in dist/angularFirebase 
[debug] [2021-05-31T16:09:55.568Z] > refreshing access token with scopes: []
[debug] [2021-05-31T16:09:55.568Z] >>> HTTP REQUEST POST https://www.googleapis.com/oauth2/v3/token  
 <request body omitted>
[debug] [2021-05-31T16:09:55.570Z] [hosting] hash cache [ZGlzdC9hbmd1bGFyRmlyZWJhc2U] stored for 8 files
[debug] [2021-05-31T16:09:55.571Z] [hosting][hash queue][FINAL] {"max":1,"min":0,"avg":0,"active":0,"complete":8,"success":8,"errored":0,"retried":0,"total":8,"elapsed":5}
[debug] [2021-05-31T16:09:55.745Z] <<< HTTP RESPONSE 200 {"expires":"Mon, 01 Jan 1990 00:00:00 GMT","date":"Mon, 31 May 2021 16:09:55 GMT","pragma":"no-cache","cache-control":"no-cache, no-store, max-age=0, must-revalidate","content-type":"application/json; charset=utf-8","vary":"X-Origin, Referer, Origin,Accept-Encoding","server":"scaffolding on HTTPServer2","x-xss-protection":"0","x-frame-options":"SAMEORIGIN","x-content-type-options":"nosniff","alt-svc":"h3-29=\":443\"; ma=2592000,h3-T051=\":443\"; ma=2592000,h3-Q050=\":443\"; ma=2592000,h3-Q046=\":443\"; ma=2592000,h3-Q043=\":443\"; ma=2592000,quic=\":443\"; ma=2592000; v=\"46,43\"","accept-ranges":"none","transfer-encoding":"chunked"}
[debug] [2021-05-31T16:09:55.794Z] >>> [apiv2][query] POST https://firebasehosting.googleapis.com/v1beta1/sites/shopapp-c6bae/versions/4007a088ecba85e7:populateFiles [none]
[debug] [2021-05-31T16:09:55.794Z] >>> [apiv2][body] POST https://firebasehosting.googleapis.com/v1beta1/sites/shopapp-c6bae/versions/4007a088ecba85e7:populateFiles {"files":{"/3rdpartylicenses.txt":"0b0e84bf75eb8abe4a1a658a3731ef90c9186272bd3269c971588d438051f050","/420.3fac0827b4c0c3ec7b1d.js":"b91e07985f885e2fd73efa01e3e8bece0578fe642243691ec6993636d3b7adf1","/favicon.ico":"a2aee5309d0b59b9b66384ccc3969a07fab1b320d0bf76f1b25047a051d7f774","/index.html":"8beaccbe76ca9a680c0a7fa82d3004dd676d19f98c5dc63850bdf2cc5206fdfa","/main.2051a7f7706c6dff0777.js":"b7d7027a17778b4cec83657244ba13a1225205e1bbeb803fd098bc14ee52251b","/polyfills.4c16a8fd8eeeba1aaebf.js":"79d030032e238a545f96baa59ab78269963816937eac1ab9c138d0e982d0bfdd","/runtime.0252168861588c948a5f.js":"4ec19d6c2838e2d9d86a970def0149527cfc77e4d4ae4c80849a11a46669c1f0","/styles.5f563c1e76ed0ed9b7b4.css":"90d959b59e239d4fc1297e98966010b6a9a849765e6f2fb01e3af6618130ffda"}}
[debug] [2021-05-31T16:09:56.887Z] <<< [apiv2][status] POST https://firebasehosting.googleapis.com/v1beta1/sites/shopapp-c6bae/versions/4007a088ecba85e7:populateFiles 200
[debug] [2021-05-31T16:09:56.887Z] <<< [apiv2][body] POST https://firebasehosting.googleapis.com/v1beta1/sites/shopapp-c6bae/versions/4007a088ecba85e7:populateFiles {"uploadUrl":"https://upload-firebasehosting.googleapis.com/upload/sites/shopapp-c6bae/versions/4007a088ecba85e7/files"}
[debug] [2021-05-31T16:09:56.888Z] [hosting][populate queue][FINAL] {"max":1319,"min":1319,"avg":1319,"active":0,"complete":1,"success":1,"errored":0,"retried":0,"total":1,"elapsed":1320}
[debug] [2021-05-31T16:09:56.888Z] [hosting] uploads queued: 0
[debug] [2021-05-31T16:09:56.888Z] [hosting][upload queue][FINAL] {"max":0,"min":9999999999,"avg":0,"active":0,"complete":0,"success":0,"errored":0,"retried":0,"total":0,"elapsed":1622477396888}
[info] ✔  hosting[shopapp-c6bae]: file upload complete 
[debug] [2021-05-31T16:09:56.888Z] [hosting] deploy completed after 1333ms
[debug] [2021-05-31T16:09:56.894Z] > refreshing access token with scopes: ["email","https://www.googleapis.com/auth/cloud-platform","https://www.googleapis.com/auth/cloudplatformprojects.readonly","https://www.googleapis.com/auth/firebase","openid"]
[debug] [2021-05-31T16:09:56.895Z] >>> HTTP REQUEST POST https://www.googleapis.com/oauth2/v3/token  
 <request body omitted>
[info] i  functions: updating Node.js 12 function scheduledFunctionPlainEnglish(us-central1)... 
[debug] [2021-05-31T16:09:56.898Z] > refreshing access token with scopes: ["email","https://www.googleapis.com/auth/cloud-platform","https://www.googleapis.com/auth/cloudplatformprojects.readonly","https://www.googleapis.com/auth/firebase","openid"]
[debug] [2021-05-31T16:09:56.898Z] >>> HTTP REQUEST POST https://www.googleapis.com/oauth2/v3/token  
 <request body omitted>
[debug] [2021-05-31T16:09:57.050Z] <<< HTTP RESPONSE 200 {"expires":"Mon, 01 Jan 1990 00:00:00 GMT","cache-control":"no-cache, no-store, max-age=0, must-revalidate","pragma":"no-cache","date":"Mon, 31 May 2021 16:09:57 GMT","content-type":"application/json; charset=utf-8","vary":"X-Origin, Referer, Origin,Accept-Encoding","server":"scaffolding on HTTPServer2","x-xss-protection":"0","x-frame-options":"SAMEORIGIN","x-content-type-options":"nosniff","alt-svc":"h3-29=\":443\"; ma=2592000,h3-T051=\":443\"; ma=2592000,h3-Q050=\":443\"; ma=2592000,h3-Q046=\":443\"; ma=2592000,h3-Q043=\":443\"; ma=2592000,quic=\":443\"; ma=2592000; v=\"46,43\"","accept-ranges":"none","transfer-encoding":"chunked"}
[debug] [2021-05-31T16:09:57.069Z] >>> HTTP REQUEST GET https://cloudscheduler.googleapis.com/v1beta1/projects/shopapp-c6bae/locations/us-central1/jobs/firebase-schedule-scheduledFunctionPlainEnglish-us-central1  
 
[debug] [2021-05-31T16:09:57.071Z] <<< HTTP RESPONSE 200 {"cache-control":"no-cache, no-store, max-age=0, must-revalidate","date":"Mon, 31 May 2021 16:09:57 GMT","pragma":"no-cache","expires":"Mon, 01 Jan 1990 00:00:00 GMT","content-type":"application/json; charset=utf-8","vary":"X-Origin, Referer, Origin,Accept-Encoding","server":"scaffolding on HTTPServer2","x-xss-protection":"0","x-frame-options":"SAMEORIGIN","x-content-type-options":"nosniff","alt-svc":"h3-29=\":443\"; ma=2592000,h3-T051=\":443\"; ma=2592000,h3-Q050=\":443\"; ma=2592000,h3-Q046=\":443\"; ma=2592000,h3-Q043=\":443\"; ma=2592000,quic=\":443\"; ma=2592000; v=\"46,43\"","accept-ranges":"none","transfer-encoding":"chunked"}
[debug] [2021-05-31T16:09:57.084Z] >>> HTTP REQUEST PATCH https://cloudfunctions.googleapis.com/v1/projects/shopapp-c6bae/locations/us-central1/functions/scheduledFunctionPlainEnglish {"updateMask":"name,sourceUploadUrl,entryPoint,runtime,eventTrigger.eventType,eventTrigger.resource,eventTrigger.failurePolicy,labels,environmentVariables"} 
 {"name":"projects/shopapp-c6bae/locations/us-central1/functions/scheduledFunctionPlainEnglish","sourceUploadUrl":"https://storage.googleapis.com/gcf-upload-us-central1-0bca5915-33ee-40a6-a6d9-67ce249b0c83/b917b9ca-5146-4dbe-a1c5-5d7a1b9255fb.zip?GoogleAccessId=service-116855850513@gcf-admin-robot.iam.gserviceaccount.com&Expires=1622479194&Signature=iKba4VEfEKjnJ4BgSEFQjRT6I0GsZrlIEdby0%2FzSMWQA7BEEG76kAzcSUZkAp6Av1c6aFvAgLz3IzhgE9PsergpmZQlJehe%2FWjVv0aFT6q2Vf7iwby%2BkZ6aWXziio4%2BA4N4V0Dq9OSShUMajqlaYZDhhgFz3zv2fJdwOwBADuzlGnVoWWt0dP1onbL%2FwCv6jEK%2Bh06XUsqv0ODu5hfQlVoRuS5UGkOTppJwKmQgUdkGsa0uV24wpHi3IoPCzKDlGc7EMuYc4wnobvsc3ul%2BR%2FCIdg3ilrb5qreV3BgBCwu7gs%2FMu6Y13S1Z%2BBg5MWi98V3%2FQiFJXa%2BcRnu%2FRIoKqQA%3D%3D","entryPoint":"scheduledFunctionPlainEnglish","runtime":"nodejs12","eventTrigger":{"eventType":"google.pubsub.topic.publish","resource":"projects/shopapp-c6bae/topics/firebase-schedule-scheduledFunctionPlainEnglish-us-central1"},"labels":{"deployment-scheduled":"true","deployment-tool":"cli-firebase"},"environmentVariables":{"FIREBASE_CONFIG":"{\"projectId\":\"shopapp-c6bae\",\"storageBucket\":\"shopapp-c6bae.appspot.com\",\"locationId\":\"us-central\"}"}}
[debug] [2021-05-31T16:09:57.395Z] <<< HTTP RESPONSE 200 {"content-type":"application/json; charset=UTF-8","vary":"X-Origin, Referer, Origin,Accept-Encoding","date":"Mon, 31 May 2021 16:09:57 GMT","server":"ESF","cache-control":"private","x-xss-protection":"0","x-frame-options":"SAMEORIGIN","x-content-type-options":"nosniff","alt-svc":"h3-29=\":443\"; ma=2592000,h3-T051=\":443\"; ma=2592000,h3-Q050=\":443\"; ma=2592000,h3-Q046=\":443\"; ma=2592000,h3-Q043=\":443\"; ma=2592000,quic=\":443\"; ma=2592000; v=\"46,43\"","accept-ranges":"none","transfer-encoding":"chunked"}
[debug] [2021-05-31T16:09:57.395Z] scheduler job firebase-schedule-scheduledFunctionPlainEnglish-us-central1 is up to date, no changes required
[info] ✔  functions[scheduledFunctionPlainEnglish(us-central1)]: Successful upsert schedule operation.  
[debug] [2021-05-31T16:09:57.705Z] <<< HTTP RESPONSE 200 {"content-type":"application/json; charset=UTF-8","vary":"X-Origin, Referer, Origin,Accept-Encoding","date":"Mon, 31 May 2021 16:09:57 GMT","server":"ESF","cache-control":"private","x-xss-protection":"0","x-frame-options":"SAMEORIGIN","x-content-type-options":"nosniff","alt-svc":"h3-29=\":443\"; ma=2592000,h3-T051=\":443\"; ma=2592000,h3-Q050=\":443\"; ma=2592000,h3-Q046=\":443\"; ma=2592000,h3-Q043=\":443\"; ma=2592000,quic=\":443\"; ma=2592000; v=\"46,43\"","accept-ranges":"none","transfer-encoding":"chunked"}
[debug] [2021-05-31T16:09:57.707Z] > refreshing access token with scopes: []
[debug] [2021-05-31T16:09:57.707Z] >>> HTTP REQUEST POST https://www.googleapis.com/oauth2/v3/token  
 <request body omitted>
[debug] [2021-05-31T16:09:57.854Z] <<< HTTP RESPONSE 200 {"expires":"Mon, 01 Jan 1990 00:00:00 GMT","cache-control":"no-cache, no-store, max-age=0, must-revalidate","date":"Mon, 31 May 2021 16:09:57 GMT","pragma":"no-cache","content-type":"application/json; charset=utf-8","vary":"X-Origin, Referer, Origin,Accept-Encoding","server":"scaffolding on HTTPServer2","x-xss-protection":"0","x-frame-options":"SAMEORIGIN","x-content-type-options":"nosniff","alt-svc":"h3-29=\":443\"; ma=2592000,h3-T051=\":443\"; ma=2592000,h3-Q050=\":443\"; ma=2592000,h3-Q046=\":443\"; ma=2592000,h3-Q043=\":443\"; ma=2592000,quic=\":443\"; ma=2592000; v=\"46,43\"","accept-ranges":"none","transfer-encoding":"chunked"}
[debug] [2021-05-31T16:09:57.909Z] >>> [apiv2][query] GET https://cloudfunctions.googleapis.com/v1/operations/c2hvcGFwcC1jNmJhZS91cy1jZW50cmFsMS9zY2hlZHVsZWRGdW5jdGlvblBsYWluRW5nbGlzaC93ZTdDcDc3c3NNaw [none]
[debug] [2021-05-31T16:09:58.193Z] <<< [apiv2][status] GET https://cloudfunctions.googleapis.com/v1/operations/c2hvcGFwcC1jNmJhZS91cy1jZW50cmFsMS9zY2hlZHVsZWRGdW5jdGlvblBsYWluRW5nbGlzaC93ZTdDcDc3c3NNaw 200
[debug] [2021-05-31T16:09:58.194Z] <<< [apiv2][body] GET https://cloudfunctions.googleapis.com/v1/operations/c2hvcGFwcC1jNmJhZS91cy1jZW50cmFsMS9zY2hlZHVsZWRGdW5jdGlvblBsYWluRW5nbGlzaC93ZTdDcDc3c3NNaw {"name":"operations/c2hvcGFwcC1jNmJhZS91cy1jZW50cmFsMS9zY2hlZHVsZWRGdW5jdGlvblBsYWluRW5nbGlzaC93ZTdDcDc3c3NNaw","metadata":{"@type":"type.googleapis.com/google.cloud.functions.v1.OperationMetadataV1","target":"projects/shopapp-c6bae/locations/us-central1/functions/scheduledFunctionPlainEnglish","type":"UPDATE_FUNCTION","request":{"@type":"type.googleapis.com/google.cloud.functions.v1.CloudFunction","name":"projects/shopapp-c6bae/locations/us-central1/functions/scheduledFunctionPlainEnglish","eventTrigger":{"eventType":"google.pubsub.topic.publish","resource":"projects/shopapp-c6bae/topics/firebase-schedule-scheduledFunctionPlainEnglish-us-central1","service":"pubsub.googleapis.com"},"status":"UNKNOWN","entryPoint":"scheduledFunctionPlainEnglish","timeout":"60s","availableMemoryMb":256,"serviceAccountEmail":"shopapp-c6bae@appspot.gserviceaccount.com","updateTime":"2021-05-31T14:57:40.985Z","versionId":"2","labels":{"deployment-scheduled":"true","deployment-tool":"cli-firebase"},"sourceUploadUrl":"https://storage.googleapis.com/gcf-upload-us-central1-0bca5915-33ee-40a6-a6d9-67ce249b0c83/b917b9ca-5146-4dbe-a1c5-5d7a1b9255fb.zip?GoogleAccessId=service-116855850513@gcf-admin-robot.iam.gserviceaccount.com&Expires=1622479194&Signature=iKba4VEfEKjnJ4BgSEFQjRT6I0GsZrlIEdby0%2FzSMWQA7BEEG76kAzcSUZkAp6Av1c6aFvAgLz3IzhgE9PsergpmZQlJehe%2FWjVv0aFT6q2Vf7iwby%2BkZ6aWXziio4%2BA4N4V0Dq9OSShUMajqlaYZDhhgFz3zv2fJdwOwBADuzlGnVoWWt0dP1onbL%2FwCv6jEK%2Bh06XUsqv0ODu5hfQlVoRuS5UGkOTppJwKmQgUdkGsa0uV24wpHi3IoPCzKDlGc7EMuYc4wnobvsc3ul%2BR%2FCIdg3ilrb5qreV3BgBCwu7gs%2FMu6Y13S1Z%2BBg5MWi98V3%2FQiFJXa%2BcRnu%2FRIoKqQA%3D%3D","environmentVariables":{"FIREBASE_CONFIG":"{\"projectId\":\"shopapp-c6bae\",\"storageBucket\":\"shopapp-c6bae.appspot.com\",\"locationId\":\"us-central\"}"},"runtime":"nodejs12","ingressSettings":"ALLOW_ALL","buildId":"f2933c28-10c5-4124-9a47-720b4e8f13e7"},"versionId":"3","updateTime":"2021-05-31T16:09:57Z","buildName":"projects/116855850513/locations/us-central1/builds/f2933c28-10c5-4124-9a47-720b4e8f13e7"}}
[debug] [2021-05-31T16:09:58.697Z] [update-projects/shopapp-c6bae/locations/us-central1/functions/scheduledFunctionPlainEnglish] Retrying task index 0
[debug] [2021-05-31T16:09:58.698Z] >>> [apiv2][query] GET https://cloudfunctions.googleapis.com/v1/operations/c2hvcGFwcC1jNmJhZS91cy1jZW50cmFsMS9zY2hlZHVsZWRGdW5jdGlvblBsYWluRW5nbGlzaC93ZTdDcDc3c3NNaw [none]
[debug] [2021-05-31T16:09:58.988Z] <<< [apiv2][status] GET https://cloudfunctions.googleapis.com/v1/operations/c2hvcGFwcC1jNmJhZS91cy1jZW50cmFsMS9zY2hlZHVsZWRGdW5jdGlvblBsYWluRW5nbGlzaC93ZTdDcDc3c3NNaw 200
[debug] [2021-05-31T16:09:58.988Z] <<< [apiv2][body] GET https://cloudfunctions.googleapis.com/v1/operations/c2hvcGFwcC1jNmJhZS91cy1jZW50cmFsMS9zY2hlZHVsZWRGdW5jdGlvblBsYWluRW5nbGlzaC93ZTdDcDc3c3NNaw {"name":"operations/c2hvcGFwcC1jNmJhZS91cy1jZW50cmFsMS9zY2hlZHVsZWRGdW5jdGlvblBsYWluRW5nbGlzaC93ZTdDcDc3c3NNaw","metadata":{"@type":"type.googleapis.com/google.cloud.functions.v1.OperationMetadataV1","target":"projects/shopapp-c6bae/locations/us-central1/functions/scheduledFunctionPlainEnglish","type":"UPDATE_FUNCTION","request":{"@type":"type.googleapis.com/google.cloud.functions.v1.CloudFunction","name":"projects/shopapp-c6bae/locations/us-central1/functions/scheduledFunctionPlainEnglish","eventTrigger":{"eventType":"google.pubsub.topic.publish","resource":"projects/shopapp-c6bae/topics/firebase-schedule-scheduledFunctionPlainEnglish-us-central1","service":"pubsub.googleapis.com"},"status":"UNKNOWN","entryPoint":"scheduledFunctionPlainEnglish","timeout":"60s","availableMemoryMb":256,"serviceAccountEmail":"shopapp-c6bae@appspot.gserviceaccount.com","updateTime":"2021-05-31T14:57:40.985Z","versionId":"2","labels":{"deployment-scheduled":"true","deployment-tool":"cli-firebase"},"sourceUploadUrl":"https://storage.googleapis.com/gcf-upload-us-central1-0bca5915-33ee-40a6-a6d9-67ce249b0c83/b917b9ca-5146-4dbe-a1c5-5d7a1b9255fb.zip?GoogleAccessId=service-116855850513@gcf-admin-robot.iam.gserviceaccount.com&Expires=1622479194&Signature=iKba4VEfEKjnJ4BgSEFQjRT6I0GsZrlIEdby0%2FzSMWQA7BEEG76kAzcSUZkAp6Av1c6aFvAgLz3IzhgE9PsergpmZQlJehe%2FWjVv0aFT6q2Vf7iwby%2BkZ6aWXziio4%2BA4N4V0Dq9OSShUMajqlaYZDhhgFz3zv2fJdwOwBADuzlGnVoWWt0dP1onbL%2FwCv6jEK%2Bh06XUsqv0ODu5hfQlVoRuS5UGkOTppJwKmQgUdkGsa0uV24wpHi3IoPCzKDlGc7EMuYc4wnobvsc3ul%2BR%2FCIdg3ilrb5qreV3BgBCwu7gs%2FMu6Y13S1Z%2BBg5MWi98V3%2FQiFJXa%2BcRnu%2FRIoKqQA%3D%3D","environmentVariables":{"FIREBASE_CONFIG":"{\"projectId\":\"shopapp-c6bae\",\"storageBucket\":\"shopapp-c6bae.appspot.com\",\"locationId\":\"us-central\"}"},"runtime":"nodejs12","ingressSettings":"ALLOW_ALL","buildId":"f2933c28-10c5-4124-9a47-720b4e8f13e7"},"versionId":"3","updateTime":"2021-05-31T16:09:57Z","buildId":"f4c6b648-9817-4d39-8a4e-edc31f98ea0b","buildName":"projects/116855850513/locations/us-central1/builds/f4c6b648-9817-4d39-8a4e-edc31f98ea0b"}}
[debug] [2021-05-31T16:09:59.992Z] [update-projects/shopapp-c6bae/locations/us-central1/functions/scheduledFunctionPlainEnglish] Retrying task index 0
[debug] [2021-05-31T16:09:59.992Z] >>> [apiv2][query] GET https://cloudfunctions.googleapis.com/v1/operations/c2hvcGFwcC1jNmJhZS91cy1jZW50cmFsMS9zY2hlZHVsZWRGdW5jdGlvblBsYWluRW5nbGlzaC93ZTdDcDc3c3NNaw [none]
[debug] [2021-05-31T16:10:00.276Z] <<< [apiv2][status] GET https://cloudfunctions.googleapis.com/v1/operations/c2hvcGFwcC1jNmJhZS91cy1jZW50cmFsMS9zY2hlZHVsZWRGdW5jdGlvblBsYWluRW5nbGlzaC93ZTdDcDc3c3NNaw 200
[debug] [2021-05-31T16:10:00.276Z] <<< [apiv2][body] GET https://cloudfunctions.googleapis.com/v1/operations/c2hvcGFwcC1jNmJhZS91cy1jZW50cmFsMS9zY2hlZHVsZWRGdW5jdGlvblBsYWluRW5nbGlzaC93ZTdDcDc3c3NNaw {"name":"operations/c2hvcGFwcC1jNmJhZS91cy1jZW50cmFsMS9zY2hlZHVsZWRGdW5jdGlvblBsYWluRW5nbGlzaC93ZTdDcDc3c3NNaw","metadata":{"@type":"type.googleapis.com/google.cloud.functions.v1.OperationMetadataV1","target":"projects/shopapp-c6bae/locations/us-central1/functions/scheduledFunctionPlainEnglish","type":"UPDATE_FUNCTION","request":{"@type":"type.googleapis.com/google.cloud.functions.v1.CloudFunction","name":"projects/shopapp-c6bae/locations/us-central1/functions/scheduledFunctionPlainEnglish","eventTrigger":{"eventType":"google.pubsub.topic.publish","resource":"projects/shopapp-c6bae/topics/firebase-schedule-scheduledFunctionPlainEnglish-us-central1","service":"pubsub.googleapis.com"},"status":"UNKNOWN","entryPoint":"scheduledFunctionPlainEnglish","timeout":"60s","availableMemoryMb":256,"serviceAccountEmail":"shopapp-c6bae@appspot.gserviceaccount.com","updateTime":"2021-05-31T14:57:40.985Z","versionId":"2","labels":{"deployment-scheduled":"true","deployment-tool":"cli-firebase"},"sourceUploadUrl":"https://storage.googleapis.com/gcf-upload-us-central1-0bca5915-33ee-40a6-a6d9-67ce249b0c83/b917b9ca-5146-4dbe-a1c5-5d7a1b9255fb.zip?GoogleAccessId=service-116855850513@gcf-admin-robot.iam.gserviceaccount.com&Expires=1622479194&Signature=iKba4VEfEKjnJ4BgSEFQjRT6I0GsZrlIEdby0%2FzSMWQA7BEEG76kAzcSUZkAp6Av1c6aFvAgLz3IzhgE9PsergpmZQlJehe%2FWjVv0aFT6q2Vf7iwby%2BkZ6aWXziio4%2BA4N4V0Dq9OSShUMajqlaYZDhhgFz3zv2fJdwOwBADuzlGnVoWWt0dP1onbL%2FwCv6jEK%2Bh06XUsqv0ODu5hfQlVoRuS5UGkOTppJwKmQgUdkGsa0uV24wpHi3IoPCzKDlGc7EMuYc4wnobvsc3ul%2BR%2FCIdg3ilrb5qreV3BgBCwu7gs%2FMu6Y13S1Z%2BBg5MWi98V3%2FQiFJXa%2BcRnu%2FRIoKqQA%3D%3D","environmentVariables":{"FIREBASE_CONFIG":"{\"projectId\":\"shopapp-c6bae\",\"storageBucket\":\"shopapp-c6bae.appspot.com\",\"locationId\":\"us-central\"}"},"runtime":"nodejs12","ingressSettings":"ALLOW_ALL","buildId":"f2933c28-10c5-4124-9a47-720b4e8f13e7"},"versionId":"3","updateTime":"2021-05-31T16:09:57Z","buildId":"f4c6b648-9817-4d39-8a4e-edc31f98ea0b","buildName":"projects/116855850513/locations/us-central1/builds/f4c6b648-9817-4d39-8a4e-edc31f98ea0b"}}
[debug] [2021-05-31T16:10:02.280Z] [update-projects/shopapp-c6bae/locations/us-central1/functions/scheduledFunctionPlainEnglish] Retrying task index 0
[debug] [2021-05-31T16:10:02.280Z] >>> [apiv2][query] GET https://cloudfunctions.googleapis.com/v1/operations/c2hvcGFwcC1jNmJhZS91cy1jZW50cmFsMS9zY2hlZHVsZWRGdW5jdGlvblBsYWluRW5nbGlzaC93ZTdDcDc3c3NNaw [none]
[debug] [2021-05-31T16:10:02.569Z] <<< [apiv2][status] GET https://cloudfunctions.googleapis.com/v1/operations/c2hvcGFwcC1jNmJhZS91cy1jZW50cmFsMS9zY2hlZHVsZWRGdW5jdGlvblBsYWluRW5nbGlzaC93ZTdDcDc3c3NNaw 200
[debug] [2021-05-31T16:10:02.569Z] <<< [apiv2][body] GET https://cloudfunctions.googleapis.com/v1/operations/c2hvcGFwcC1jNmJhZS91cy1jZW50cmFsMS9zY2hlZHVsZWRGdW5jdGlvblBsYWluRW5nbGlzaC93ZTdDcDc3c3NNaw {"name":"operations/c2hvcGFwcC1jNmJhZS91cy1jZW50cmFsMS9zY2hlZHVsZWRGdW5jdGlvblBsYWluRW5nbGlzaC93ZTdDcDc3c3NNaw","metadata":{"@type":"type.googleapis.com/google.cloud.functions.v1.OperationMetadataV1","target":"projects/shopapp-c6bae/locations/us-central1/functions/scheduledFunctionPlainEnglish","type":"UPDATE_FUNCTION","request":{"@type":"type.googleapis.com/google.cloud.functions.v1.CloudFunction","name":"projects/shopapp-c6bae/locations/us-central1/functions/scheduledFunctionPlainEnglish","eventTrigger":{"eventType":"google.pubsub.topic.publish","resource":"projects/shopapp-c6bae/topics/firebase-schedule-scheduledFunctionPlainEnglish-us-central1","service":"pubsub.googleapis.com"},"status":"UNKNOWN","entryPoint":"scheduledFunctionPlainEnglish","timeout":"60s","availableMemoryMb":256,"serviceAccountEmail":"shopapp-c6bae@appspot.gserviceaccount.com","updateTime":"2021-05-31T14:57:40.985Z","versionId":"2","labels":{"deployment-scheduled":"true","deployment-tool":"cli-firebase"},"sourceUploadUrl":"https://storage.googleapis.com/gcf-upload-us-central1-0bca5915-33ee-40a6-a6d9-67ce249b0c83/b917b9ca-5146-4dbe-a1c5-5d7a1b9255fb.zip?GoogleAccessId=service-116855850513@gcf-admin-robot.iam.gserviceaccount.com&Expires=1622479194&Signature=iKba4VEfEKjnJ4BgSEFQjRT6I0GsZrlIEdby0%2FzSMWQA7BEEG76kAzcSUZkAp6Av1c6aFvAgLz3IzhgE9PsergpmZQlJehe%2FWjVv0aFT6q2Vf7iwby%2BkZ6aWXziio4%2BA4N4V0Dq9OSShUMajqlaYZDhhgFz3zv2fJdwOwBADuzlGnVoWWt0dP1onbL%2FwCv6jEK%2Bh06XUsqv0ODu5hfQlVoRuS5UGkOTppJwKmQgUdkGsa0uV24wpHi3IoPCzKDlGc7EMuYc4wnobvsc3ul%2BR%2FCIdg3ilrb5qreV3BgBCwu7gs%2FMu6Y13S1Z%2BBg5MWi98V3%2FQiFJXa%2BcRnu%2FRIoKqQA%3D%3D","environmentVariables":{"FIREBASE_CONFIG":"{\"projectId\":\"shopapp-c6bae\",\"storageBucket\":\"shopapp-c6bae.appspot.com\",\"locationId\":\"us-central\"}"},"runtime":"nodejs12","ingressSettings":"ALLOW_ALL","buildId":"f2933c28-10c5-4124-9a47-720b4e8f13e7"},"versionId":"3","updateTime":"2021-05-31T16:09:57Z","buildId":"f4c6b648-9817-4d39-8a4e-edc31f98ea0b","buildName":"projects/116855850513/locations/us-central1/builds/f4c6b648-9817-4d39-8a4e-edc31f98ea0b"}}
[debug] [2021-05-31T16:10:06.574Z] [update-projects/shopapp-c6bae/locations/us-central1/functions/scheduledFunctionPlainEnglish] Retrying task index 0
[debug] [2021-05-31T16:10:06.574Z] >>> [apiv2][query] GET https://cloudfunctions.googleapis.com/v1/operations/c2hvcGFwcC1jNmJhZS91cy1jZW50cmFsMS9zY2hlZHVsZWRGdW5jdGlvblBsYWluRW5nbGlzaC93ZTdDcDc3c3NNaw [none]
[debug] [2021-05-31T16:10:06.851Z] <<< [apiv2][status] GET https://cloudfunctions.googleapis.com/v1/operations/c2hvcGFwcC1jNmJhZS91cy1jZW50cmFsMS9zY2hlZHVsZWRGdW5jdGlvblBsYWluRW5nbGlzaC93ZTdDcDc3c3NNaw 200
[debug] [2021-05-31T16:10:06.851Z] <<< [apiv2][body] GET https://cloudfunctions.googleapis.com/v1/operations/c2hvcGFwcC1jNmJhZS91cy1jZW50cmFsMS9zY2hlZHVsZWRGdW5jdGlvblBsYWluRW5nbGlzaC93ZTdDcDc3c3NNaw {"name":"operations/c2hvcGFwcC1jNmJhZS91cy1jZW50cmFsMS9zY2hlZHVsZWRGdW5jdGlvblBsYWluRW5nbGlzaC93ZTdDcDc3c3NNaw","metadata":{"@type":"type.googleapis.com/google.cloud.functions.v1.OperationMetadataV1","target":"projects/shopapp-c6bae/locations/us-central1/functions/scheduledFunctionPlainEnglish","type":"UPDATE_FUNCTION","request":{"@type":"type.googleapis.com/google.cloud.functions.v1.CloudFunction","name":"projects/shopapp-c6bae/locations/us-central1/functions/scheduledFunctionPlainEnglish","eventTrigger":{"eventType":"google.pubsub.topic.publish","resource":"projects/shopapp-c6bae/topics/firebase-schedule-scheduledFunctionPlainEnglish-us-central1","service":"pubsub.googleapis.com"},"status":"UNKNOWN","entryPoint":"scheduledFunctionPlainEnglish","timeout":"60s","availableMemoryMb":256,"serviceAccountEmail":"shopapp-c6bae@appspot.gserviceaccount.com","updateTime":"2021-05-31T14:57:40.985Z","versionId":"2","labels":{"deployment-scheduled":"true","deployment-tool":"cli-firebase"},"sourceUploadUrl":"https://storage.googleapis.com/gcf-upload-us-central1-0bca5915-33ee-40a6-a6d9-67ce249b0c83/b917b9ca-5146-4dbe-a1c5-5d7a1b9255fb.zip?GoogleAccessId=service-116855850513@gcf-admin-robot.iam.gserviceaccount.com&Expires=1622479194&Signature=iKba4VEfEKjnJ4BgSEFQjRT6I0GsZrlIEdby0%2FzSMWQA7BEEG76kAzcSUZkAp6Av1c6aFvAgLz3IzhgE9PsergpmZQlJehe%2FWjVv0aFT6q2Vf7iwby%2BkZ6aWXziio4%2BA4N4V0Dq9OSShUMajqlaYZDhhgFz3zv2fJdwOwBADuzlGnVoWWt0dP1onbL%2FwCv6jEK%2Bh06XUsqv0ODu5hfQlVoRuS5UGkOTppJwKmQgUdkGsa0uV24wpHi3IoPCzKDlGc7EMuYc4wnobvsc3ul%2BR%2FCIdg3ilrb5qreV3BgBCwu7gs%2FMu6Y13S1Z%2BBg5MWi98V3%2FQiFJXa%2BcRnu%2FRIoKqQA%3D%3D","environmentVariables":{"FIREBASE_CONFIG":"{\"projectId\":\"shopapp-c6bae\",\"storageBucket\":\"shopapp-c6bae.appspot.com\",\"locationId\":\"us-central\"}"},"runtime":"nodejs12","ingressSettings":"ALLOW_ALL","buildId":"f2933c28-10c5-4124-9a47-720b4e8f13e7"},"versionId":"3","updateTime":"2021-05-31T16:09:57Z","buildId":"f4c6b648-9817-4d39-8a4e-edc31f98ea0b","buildName":"projects/116855850513/locations/us-central1/builds/f4c6b648-9817-4d39-8a4e-edc31f98ea0b"}}
[debug] [2021-05-31T16:10:14.855Z] [update-projects/shopapp-c6bae/locations/us-central1/functions/scheduledFunctionPlainEnglish] Retrying task index 0
[debug] [2021-05-31T16:10:14.855Z] >>> [apiv2][query] GET https://cloudfunctions.googleapis.com/v1/operations/c2hvcGFwcC1jNmJhZS91cy1jZW50cmFsMS9zY2hlZHVsZWRGdW5jdGlvblBsYWluRW5nbGlzaC93ZTdDcDc3c3NNaw [none]
[debug] [2021-05-31T16:10:15.191Z] <<< [apiv2][status] GET https://cloudfunctions.googleapis.com/v1/operations/c2hvcGFwcC1jNmJhZS91cy1jZW50cmFsMS9zY2hlZHVsZWRGdW5jdGlvblBsYWluRW5nbGlzaC93ZTdDcDc3c3NNaw 200
[debug] [2021-05-31T16:10:15.191Z] <<< [apiv2][body] GET https://cloudfunctions.googleapis.com/v1/operations/c2hvcGFwcC1jNmJhZS91cy1jZW50cmFsMS9zY2hlZHVsZWRGdW5jdGlvblBsYWluRW5nbGlzaC93ZTdDcDc3c3NNaw {"name":"operations/c2hvcGFwcC1jNmJhZS91cy1jZW50cmFsMS9zY2hlZHVsZWRGdW5jdGlvblBsYWluRW5nbGlzaC93ZTdDcDc3c3NNaw","metadata":{"@type":"type.googleapis.com/google.cloud.functions.v1.OperationMetadataV1","target":"projects/shopapp-c6bae/locations/us-central1/functions/scheduledFunctionPlainEnglish","type":"UPDATE_FUNCTION","request":{"@type":"type.googleapis.com/google.cloud.functions.v1.CloudFunction","name":"projects/shopapp-c6bae/locations/us-central1/functions/scheduledFunctionPlainEnglish","eventTrigger":{"eventType":"google.pubsub.topic.publish","resource":"projects/shopapp-c6bae/topics/firebase-schedule-scheduledFunctionPlainEnglish-us-central1","service":"pubsub.googleapis.com"},"status":"UNKNOWN","entryPoint":"scheduledFunctionPlainEnglish","timeout":"60s","availableMemoryMb":256,"serviceAccountEmail":"shopapp-c6bae@appspot.gserviceaccount.com","updateTime":"2021-05-31T14:57:40.985Z","versionId":"2","labels":{"deployment-scheduled":"true","deployment-tool":"cli-firebase"},"sourceUploadUrl":"https://storage.googleapis.com/gcf-upload-us-central1-0bca5915-33ee-40a6-a6d9-67ce249b0c83/b917b9ca-5146-4dbe-a1c5-5d7a1b9255fb.zip?GoogleAccessId=service-116855850513@gcf-admin-robot.iam.gserviceaccount.com&Expires=1622479194&Signature=iKba4VEfEKjnJ4BgSEFQjRT6I0GsZrlIEdby0%2FzSMWQA7BEEG76kAzcSUZkAp6Av1c6aFvAgLz3IzhgE9PsergpmZQlJehe%2FWjVv0aFT6q2Vf7iwby%2BkZ6aWXziio4%2BA4N4V0Dq9OSShUMajqlaYZDhhgFz3zv2fJdwOwBADuzlGnVoWWt0dP1onbL%2FwCv6jEK%2Bh06XUsqv0ODu5hfQlVoRuS5UGkOTppJwKmQgUdkGsa0uV24wpHi3IoPCzKDlGc7EMuYc4wnobvsc3ul%2BR%2FCIdg3ilrb5qreV3BgBCwu7gs%2FMu6Y13S1Z%2BBg5MWi98V3%2FQiFJXa%2BcRnu%2FRIoKqQA%3D%3D","environmentVariables":{"FIREBASE_CONFIG":"{\"projectId\":\"shopapp-c6bae\",\"storageBucket\":\"shopapp-c6bae.appspot.com\",\"locationId\":\"us-central\"}"},"runtime":"nodejs12","ingressSettings":"ALLOW_ALL","buildId":"f2933c28-10c5-4124-9a47-720b4e8f13e7"},"versionId":"3","updateTime":"2021-05-31T16:09:57Z","buildId":"f4c6b648-9817-4d39-8a4e-edc31f98ea0b","buildName":"projects/116855850513/locations/us-central1/builds/f4c6b648-9817-4d39-8a4e-edc31f98ea0b"}}
[debug] [2021-05-31T16:10:31.194Z] [update-projects/shopapp-c6bae/locations/us-central1/functions/scheduledFunctionPlainEnglish] Retrying task index 0
[debug] [2021-05-31T16:10:31.195Z] >>> [apiv2][query] GET https://cloudfunctions.googleapis.com/v1/operations/c2hvcGFwcC1jNmJhZS91cy1jZW50cmFsMS9zY2hlZHVsZWRGdW5jdGlvblBsYWluRW5nbGlzaC93ZTdDcDc3c3NNaw [none]
[debug] [2021-05-31T16:10:31.481Z] <<< [apiv2][status] GET https://cloudfunctions.googleapis.com/v1/operations/c2hvcGFwcC1jNmJhZS91cy1jZW50cmFsMS9zY2hlZHVsZWRGdW5jdGlvblBsYWluRW5nbGlzaC93ZTdDcDc3c3NNaw 200
[debug] [2021-05-31T16:10:31.481Z] <<< [apiv2][body] GET https://cloudfunctions.googleapis.com/v1/operations/c2hvcGFwcC1jNmJhZS91cy1jZW50cmFsMS9zY2hlZHVsZWRGdW5jdGlvblBsYWluRW5nbGlzaC93ZTdDcDc3c3NNaw {"name":"operations/c2hvcGFwcC1jNmJhZS91cy1jZW50cmFsMS9zY2hlZHVsZWRGdW5jdGlvblBsYWluRW5nbGlzaC93ZTdDcDc3c3NNaw","metadata":{"@type":"type.googleapis.com/google.cloud.functions.v1.OperationMetadataV1","target":"projects/shopapp-c6bae/locations/us-central1/functions/scheduledFunctionPlainEnglish","type":"UPDATE_FUNCTION","request":{"@type":"type.googleapis.com/google.cloud.functions.v1.CloudFunction","name":"projects/shopapp-c6bae/locations/us-central1/functions/scheduledFunctionPlainEnglish","eventTrigger":{"eventType":"google.pubsub.topic.publish","resource":"projects/shopapp-c6bae/topics/firebase-schedule-scheduledFunctionPlainEnglish-us-central1","service":"pubsub.googleapis.com"},"status":"UNKNOWN","entryPoint":"scheduledFunctionPlainEnglish","timeout":"60s","availableMemoryMb":256,"serviceAccountEmail":"shopapp-c6bae@appspot.gserviceaccount.com","updateTime":"2021-05-31T14:57:40.985Z","versionId":"2","labels":{"deployment-scheduled":"true","deployment-tool":"cli-firebase"},"sourceUploadUrl":"https://storage.googleapis.com/gcf-upload-us-central1-0bca5915-33ee-40a6-a6d9-67ce249b0c83/b917b9ca-5146-4dbe-a1c5-5d7a1b9255fb.zip?GoogleAccessId=service-116855850513@gcf-admin-robot.iam.gserviceaccount.com&Expires=1622479194&Signature=iKba4VEfEKjnJ4BgSEFQjRT6I0GsZrlIEdby0%2FzSMWQA7BEEG76kAzcSUZkAp6Av1c6aFvAgLz3IzhgE9PsergpmZQlJehe%2FWjVv0aFT6q2Vf7iwby%2BkZ6aWXziio4%2BA4N4V0Dq9OSShUMajqlaYZDhhgFz3zv2fJdwOwBADuzlGnVoWWt0dP1onbL%2FwCv6jEK%2Bh06XUsqv0ODu5hfQlVoRuS5UGkOTppJwKmQgUdkGsa0uV24wpHi3IoPCzKDlGc7EMuYc4wnobvsc3ul%2BR%2FCIdg3ilrb5qreV3BgBCwu7gs%2FMu6Y13S1Z%2BBg5MWi98V3%2FQiFJXa%2BcRnu%2FRIoKqQA%3D%3D","environmentVariables":{"FIREBASE_CONFIG":"{\"projectId\":\"shopapp-c6bae\",\"storageBucket\":\"shopapp-c6bae.appspot.com\",\"locationId\":\"us-central\"}"},"runtime":"nodejs12","ingressSettings":"ALLOW_ALL","buildId":"f2933c28-10c5-4124-9a47-720b4e8f13e7"},"versionId":"3","updateTime":"2021-05-31T16:09:57Z","buildId":"f4c6b648-9817-4d39-8a4e-edc31f98ea0b","buildName":"projects/116855850513/locations/us-central1/builds/f4c6b648-9817-4d39-8a4e-edc31f98ea0b"}}
[debug] [2021-05-31T16:11:03.485Z] [update-projects/shopapp-c6bae/locations/us-central1/functions/scheduledFunctionPlainEnglish] Retrying task index 0
[debug] [2021-05-31T16:11:03.485Z] >>> [apiv2][query] GET https://cloudfunctions.googleapis.com/v1/operations/c2hvcGFwcC1jNmJhZS91cy1jZW50cmFsMS9zY2hlZHVsZWRGdW5jdGlvblBsYWluRW5nbGlzaC93ZTdDcDc3c3NNaw [none]
[debug] [2021-05-31T16:11:03.794Z] <<< [apiv2][status] GET https://cloudfunctions.googleapis.com/v1/operations/c2hvcGFwcC1jNmJhZS91cy1jZW50cmFsMS9zY2hlZHVsZWRGdW5jdGlvblBsYWluRW5nbGlzaC93ZTdDcDc3c3NNaw 200
[debug] [2021-05-31T16:11:03.794Z] <<< [apiv2][body] GET https://cloudfunctions.googleapis.com/v1/operations/c2hvcGFwcC1jNmJhZS91cy1jZW50cmFsMS9zY2hlZHVsZWRGdW5jdGlvblBsYWluRW5nbGlzaC93ZTdDcDc3c3NNaw {"name":"operations/c2hvcGFwcC1jNmJhZS91cy1jZW50cmFsMS9zY2hlZHVsZWRGdW5jdGlvblBsYWluRW5nbGlzaC93ZTdDcDc3c3NNaw","metadata":{"@type":"type.googleapis.com/google.cloud.functions.v1.OperationMetadataV1","target":"projects/shopapp-c6bae/locations/us-central1/functions/scheduledFunctionPlainEnglish","type":"UPDATE_FUNCTION","request":{"@type":"type.googleapis.com/google.cloud.functions.v1.CloudFunction","name":"projects/shopapp-c6bae/locations/us-central1/functions/scheduledFunctionPlainEnglish","eventTrigger":{"eventType":"google.pubsub.topic.publish","resource":"projects/shopapp-c6bae/topics/firebase-schedule-scheduledFunctionPlainEnglish-us-central1","service":"pubsub.googleapis.com"},"status":"UNKNOWN","entryPoint":"scheduledFunctionPlainEnglish","timeout":"60s","availableMemoryMb":256,"serviceAccountEmail":"shopapp-c6bae@appspot.gserviceaccount.com","updateTime":"2021-05-31T14:57:40.985Z","versionId":"2","labels":{"deployment-scheduled":"true","deployment-tool":"cli-firebase"},"sourceUploadUrl":"https://storage.googleapis.com/gcf-upload-us-central1-0bca5915-33ee-40a6-a6d9-67ce249b0c83/b917b9ca-5146-4dbe-a1c5-5d7a1b9255fb.zip?GoogleAccessId=service-116855850513@gcf-admin-robot.iam.gserviceaccount.com&Expires=1622479194&Signature=iKba4VEfEKjnJ4BgSEFQjRT6I0GsZrlIEdby0%2FzSMWQA7BEEG76kAzcSUZkAp6Av1c6aFvAgLz3IzhgE9PsergpmZQlJehe%2FWjVv0aFT6q2Vf7iwby%2BkZ6aWXziio4%2BA4N4V0Dq9OSShUMajqlaYZDhhgFz3zv2fJdwOwBADuzlGnVoWWt0dP1onbL%2FwCv6jEK%2Bh06XUsqv0ODu5hfQlVoRuS5UGkOTppJwKmQgUdkGsa0uV24wpHi3IoPCzKDlGc7EMuYc4wnobvsc3ul%2BR%2FCIdg3ilrb5qreV3BgBCwu7gs%2FMu6Y13S1Z%2BBg5MWi98V3%2FQiFJXa%2BcRnu%2FRIoKqQA%3D%3D","environmentVariables":{"FIREBASE_CONFIG":"{\"projectId\":\"shopapp-c6bae\",\"storageBucket\":\"shopapp-c6bae.appspot.com\",\"locationId\":\"us-central\"}"},"runtime":"nodejs12","ingressSettings":"ALLOW_ALL","buildId":"f2933c28-10c5-4124-9a47-720b4e8f13e7"},"versionId":"3","updateTime":"2021-05-31T16:09:57Z","buildId":"f4c6b648-9817-4d39-8a4e-edc31f98ea0b","buildName":"projects/116855850513/locations/us-central1/builds/f4c6b648-9817-4d39-8a4e-edc31f98ea0b"}}
[debug] [2021-05-31T16:12:03.797Z] [update-projects/shopapp-c6bae/locations/us-central1/functions/scheduledFunctionPlainEnglish] Retrying task index 0
[debug] [2021-05-31T16:12:03.797Z] >>> [apiv2][query] GET https://cloudfunctions.googleapis.com/v1/operations/c2hvcGFwcC1jNmJhZS91cy1jZW50cmFsMS9zY2hlZHVsZWRGdW5jdGlvblBsYWluRW5nbGlzaC93ZTdDcDc3c3NNaw [none]
[debug] [2021-05-31T16:12:04.106Z] <<< [apiv2][status] GET https://cloudfunctions.googleapis.com/v1/operations/c2hvcGFwcC1jNmJhZS91cy1jZW50cmFsMS9zY2hlZHVsZWRGdW5jdGlvblBsYWluRW5nbGlzaC93ZTdDcDc3c3NNaw 200
[debug] [2021-05-31T16:12:04.106Z] <<< [apiv2][body] GET https://cloudfunctions.googleapis.com/v1/operations/c2hvcGFwcC1jNmJhZS91cy1jZW50cmFsMS9zY2hlZHVsZWRGdW5jdGlvblBsYWluRW5nbGlzaC93ZTdDcDc3c3NNaw {"name":"operations/c2hvcGFwcC1jNmJhZS91cy1jZW50cmFsMS9zY2hlZHVsZWRGdW5jdGlvblBsYWluRW5nbGlzaC93ZTdDcDc3c3NNaw","metadata":{"@type":"type.googleapis.com/google.cloud.functions.v1.OperationMetadataV1","target":"projects/shopapp-c6bae/locations/us-central1/functions/scheduledFunctionPlainEnglish","type":"UPDATE_FUNCTION","request":{"@type":"type.googleapis.com/google.cloud.functions.v1.CloudFunction","name":"projects/shopapp-c6bae/locations/us-central1/functions/scheduledFunctionPlainEnglish","eventTrigger":{"eventType":"google.pubsub.topic.publish","resource":"projects/shopapp-c6bae/topics/firebase-schedule-scheduledFunctionPlainEnglish-us-central1","service":"pubsub.googleapis.com"},"status":"UNKNOWN","entryPoint":"scheduledFunctionPlainEnglish","timeout":"60s","availableMemoryMb":256,"serviceAccountEmail":"shopapp-c6bae@appspot.gserviceaccount.com","updateTime":"2021-05-31T14:57:40.985Z","versionId":"2","labels":{"deployment-scheduled":"true","deployment-tool":"cli-firebase"},"sourceUploadUrl":"https://storage.googleapis.com/gcf-upload-us-central1-0bca5915-33ee-40a6-a6d9-67ce249b0c83/b917b9ca-5146-4dbe-a1c5-5d7a1b9255fb.zip?GoogleAccessId=service-116855850513@gcf-admin-robot.iam.gserviceaccount.com&Expires=1622479194&Signature=iKba4VEfEKjnJ4BgSEFQjRT6I0GsZrlIEdby0%2FzSMWQA7BEEG76kAzcSUZkAp6Av1c6aFvAgLz3IzhgE9PsergpmZQlJehe%2FWjVv0aFT6q2Vf7iwby%2BkZ6aWXziio4%2BA4N4V0Dq9OSShUMajqlaYZDhhgFz3zv2fJdwOwBADuzlGnVoWWt0dP1onbL%2FwCv6jEK%2Bh06XUsqv0ODu5hfQlVoRuS5UGkOTppJwKmQgUdkGsa0uV24wpHi3IoPCzKDlGc7EMuYc4wnobvsc3ul%2BR%2FCIdg3ilrb5qreV3BgBCwu7gs%2FMu6Y13S1Z%2BBg5MWi98V3%2FQiFJXa%2BcRnu%2FRIoKqQA%3D%3D","environmentVariables":{"FIREBASE_CONFIG":"{\"projectId\":\"shopapp-c6bae\",\"storageBucket\":\"shopapp-c6bae.appspot.com\",\"locationId\":\"us-central\"}"},"runtime":"nodejs12","ingressSettings":"ALLOW_ALL","buildId":"f2933c28-10c5-4124-9a47-720b4e8f13e7"},"versionId":"3","updateTime":"2021-05-31T16:09:57Z","buildId":"f4c6b648-9817-4d39-8a4e-edc31f98ea0b","buildName":"projects/116855850513/locations/us-central1/builds/f4c6b648-9817-4d39-8a4e-edc31f98ea0b"}}
[debug] [2021-05-31T16:13:04.110Z] [update-projects/shopapp-c6bae/locations/us-central1/functions/scheduledFunctionPlainEnglish] Retrying task index 0
[debug] [2021-05-31T16:13:04.110Z] >>> [apiv2][query] GET https://cloudfunctions.googleapis.com/v1/operations/c2hvcGFwcC1jNmJhZS91cy1jZW50cmFsMS9zY2hlZHVsZWRGdW5jdGlvblBsYWluRW5nbGlzaC93ZTdDcDc3c3NNaw [none]
[debug] [2021-05-31T16:13:04.600Z] <<< [apiv2][status] GET https://cloudfunctions.googleapis.com/v1/operations/c2hvcGFwcC1jNmJhZS91cy1jZW50cmFsMS9zY2hlZHVsZWRGdW5jdGlvblBsYWluRW5nbGlzaC93ZTdDcDc3c3NNaw 200
[debug] [2021-05-31T16:13:04.601Z] <<< [apiv2][body] GET https://cloudfunctions.googleapis.com/v1/operations/c2hvcGFwcC1jNmJhZS91cy1jZW50cmFsMS9zY2hlZHVsZWRGdW5jdGlvblBsYWluRW5nbGlzaC93ZTdDcDc3c3NNaw {"name":"operations/c2hvcGFwcC1jNmJhZS91cy1jZW50cmFsMS9zY2hlZHVsZWRGdW5jdGlvblBsYWluRW5nbGlzaC93ZTdDcDc3c3NNaw","metadata":{"@type":"type.googleapis.com/google.cloud.functions.v1.OperationMetadataV1","target":"projects/shopapp-c6bae/locations/us-central1/functions/scheduledFunctionPlainEnglish","type":"UPDATE_FUNCTION","request":{"@type":"type.googleapis.com/google.cloud.functions.v1.CloudFunction","name":"projects/shopapp-c6bae/locations/us-central1/functions/scheduledFunctionPlainEnglish","eventTrigger":{"eventType":"google.pubsub.topic.publish","resource":"projects/shopapp-c6bae/topics/firebase-schedule-scheduledFunctionPlainEnglish-us-central1","service":"pubsub.googleapis.com"},"status":"UNKNOWN","entryPoint":"scheduledFunctionPlainEnglish","timeout":"60s","availableMemoryMb":256,"serviceAccountEmail":"shopapp-c6bae@appspot.gserviceaccount.com","updateTime":"2021-05-31T14:57:40.985Z","versionId":"2","labels":{"deployment-scheduled":"true","deployment-tool":"cli-firebase"},"sourceUploadUrl":"https://storage.googleapis.com/gcf-upload-us-central1-0bca5915-33ee-40a6-a6d9-67ce249b0c83/b917b9ca-5146-4dbe-a1c5-5d7a1b9255fb.zip?GoogleAccessId=service-116855850513@gcf-admin-robot.iam.gserviceaccount.com&Expires=1622479194&Signature=iKba4VEfEKjnJ4BgSEFQjRT6I0GsZrlIEdby0%2FzSMWQA7BEEG76kAzcSUZkAp6Av1c6aFvAgLz3IzhgE9PsergpmZQlJehe%2FWjVv0aFT6q2Vf7iwby%2BkZ6aWXziio4%2BA4N4V0Dq9OSShUMajqlaYZDhhgFz3zv2fJdwOwBADuzlGnVoWWt0dP1onbL%2FwCv6jEK%2Bh06XUsqv0ODu5hfQlVoRuS5UGkOTppJwKmQgUdkGsa0uV24wpHi3IoPCzKDlGc7EMuYc4wnobvsc3ul%2BR%2FCIdg3ilrb5qreV3BgBCwu7gs%2FMu6Y13S1Z%2BBg5MWi98V3%2FQiFJXa%2BcRnu%2FRIoKqQA%3D%3D","environmentVariables":{"FIREBASE_CONFIG":"{\"projectId\":\"shopapp-c6bae\",\"storageBucket\":\"shopapp-c6bae.appspot.com\",\"locationId\":\"us-central\"}"},"runtime":"nodejs12","ingressSettings":"ALLOW_ALL","buildId":"f2933c28-10c5-4124-9a47-720b4e8f13e7"},"versionId":"3","updateTime":"2021-05-31T16:09:57Z","buildId":"f4c6b648-9817-4d39-8a4e-edc31f98ea0b","buildName":"projects/116855850513/locations/us-central1/builds/f4c6b648-9817-4d39-8a4e-edc31f98ea0b"}}
[debug] [2021-05-31T16:14:04.604Z] [update-projects/shopapp-c6bae/locations/us-central1/functions/scheduledFunctionPlainEnglish] Retrying task index 0
[debug] [2021-05-31T16:14:04.604Z] >>> [apiv2][query] GET https://cloudfunctions.googleapis.com/v1/operations/c2hvcGFwcC1jNmJhZS91cy1jZW50cmFsMS9zY2hlZHVsZWRGdW5jdGlvblBsYWluRW5nbGlzaC93ZTdDcDc3c3NNaw [none]
[debug] [2021-05-31T16:14:05.014Z] <<< [apiv2][status] GET https://cloudfunctions.googleapis.com/v1/operations/c2hvcGFwcC1jNmJhZS91cy1jZW50cmFsMS9zY2hlZHVsZWRGdW5jdGlvblBsYWluRW5nbGlzaC93ZTdDcDc3c3NNaw 200
[debug] [2021-05-31T16:14:05.014Z] <<< [apiv2][body] GET https://cloudfunctions.googleapis.com/v1/operations/c2hvcGFwcC1jNmJhZS91cy1jZW50cmFsMS9zY2hlZHVsZWRGdW5jdGlvblBsYWluRW5nbGlzaC93ZTdDcDc3c3NNaw {"name":"operations/c2hvcGFwcC1jNmJhZS91cy1jZW50cmFsMS9zY2hlZHVsZWRGdW5jdGlvblBsYWluRW5nbGlzaC93ZTdDcDc3c3NNaw","metadata":{"@type":"type.googleapis.com/google.cloud.functions.v1.OperationMetadataV1","target":"projects/shopapp-c6bae/locations/us-central1/functions/scheduledFunctionPlainEnglish","type":"UPDATE_FUNCTION","request":{"@type":"type.googleapis.com/google.cloud.functions.v1.CloudFunction","name":"projects/shopapp-c6bae/locations/us-central1/functions/scheduledFunctionPlainEnglish","eventTrigger":{"eventType":"google.pubsub.topic.publish","resource":"projects/shopapp-c6bae/topics/firebase-schedule-scheduledFunctionPlainEnglish-us-central1","service":"pubsub.googleapis.com"},"status":"UNKNOWN","entryPoint":"scheduledFunctionPlainEnglish","timeout":"60s","availableMemoryMb":256,"serviceAccountEmail":"shopapp-c6bae@appspot.gserviceaccount.com","updateTime":"2021-05-31T14:57:40.985Z","versionId":"2","labels":{"deployment-scheduled":"true","deployment-tool":"cli-firebase"},"sourceUploadUrl":"https://storage.googleapis.com/gcf-upload-us-central1-0bca5915-33ee-40a6-a6d9-67ce249b0c83/b917b9ca-5146-4dbe-a1c5-5d7a1b9255fb.zip?GoogleAccessId=service-116855850513@gcf-admin-robot.iam.gserviceaccount.com&Expires=1622479194&Signature=iKba4VEfEKjnJ4BgSEFQjRT6I0GsZrlIEdby0%2FzSMWQA7BEEG76kAzcSUZkAp6Av1c6aFvAgLz3IzhgE9PsergpmZQlJehe%2FWjVv0aFT6q2Vf7iwby%2BkZ6aWXziio4%2BA4N4V0Dq9OSShUMajqlaYZDhhgFz3zv2fJdwOwBADuzlGnVoWWt0dP1onbL%2FwCv6jEK%2Bh06XUsqv0ODu5hfQlVoRuS5UGkOTppJwKmQgUdkGsa0uV24wpHi3IoPCzKDlGc7EMuYc4wnobvsc3ul%2BR%2FCIdg3ilrb5qreV3BgBCwu7gs%2FMu6Y13S1Z%2BBg5MWi98V3%2FQiFJXa%2BcRnu%2FRIoKqQA%3D%3D","environmentVariables":{"FIREBASE_CONFIG":"{\"projectId\":\"shopapp-c6bae\",\"storageBucket\":\"shopapp-c6bae.appspot.com\",\"locationId\":\"us-central\"}"},"runtime":"nodejs12","ingressSettings":"ALLOW_ALL","buildId":"f2933c28-10c5-4124-9a47-720b4e8f13e7"},"versionId":"3","updateTime":"2021-05-31T16:09:57Z","buildId":"f4c6b648-9817-4d39-8a4e-edc31f98ea0b","buildName":"projects/116855850513/locations/us-central1/builds/f4c6b648-9817-4d39-8a4e-edc31f98ea0b"}}
[debug] [2021-05-31T16:15:05.016Z] [update-projects/shopapp-c6bae/locations/us-central1/functions/scheduledFunctionPlainEnglish] Retrying task index 0
[debug] [2021-05-31T16:15:05.016Z] >>> [apiv2][query] GET https://cloudfunctions.googleapis.com/v1/operations/c2hvcGFwcC1jNmJhZS91cy1jZW50cmFsMS9zY2hlZHVsZWRGdW5jdGlvblBsYWluRW5nbGlzaC93ZTdDcDc3c3NNaw [none]
[debug] [2021-05-31T16:15:05.351Z] <<< [apiv2][status] GET https://cloudfunctions.googleapis.com/v1/operations/c2hvcGFwcC1jNmJhZS91cy1jZW50cmFsMS9zY2hlZHVsZWRGdW5jdGlvblBsYWluRW5nbGlzaC93ZTdDcDc3c3NNaw 200
[debug] [2021-05-31T16:15:05.352Z] <<< [apiv2][body] GET https://cloudfunctions.googleapis.com/v1/operations/c2hvcGFwcC1jNmJhZS91cy1jZW50cmFsMS9zY2hlZHVsZWRGdW5jdGlvblBsYWluRW5nbGlzaC93ZTdDcDc3c3NNaw {"name":"operations/c2hvcGFwcC1jNmJhZS91cy1jZW50cmFsMS9zY2hlZHVsZWRGdW5jdGlvblBsYWluRW5nbGlzaC93ZTdDcDc3c3NNaw","metadata":{"@type":"type.googleapis.com/google.cloud.functions.v1.OperationMetadataV1","target":"projects/shopapp-c6bae/locations/us-central1/functions/scheduledFunctionPlainEnglish","type":"UPDATE_FUNCTION","request":{"@type":"type.googleapis.com/google.cloud.functions.v1.CloudFunction","name":"projects/shopapp-c6bae/locations/us-central1/functions/scheduledFunctionPlainEnglish","eventTrigger":{"eventType":"google.pubsub.topic.publish","resource":"projects/shopapp-c6bae/topics/firebase-schedule-scheduledFunctionPlainEnglish-us-central1","service":"pubsub.googleapis.com"},"status":"UNKNOWN","entryPoint":"scheduledFunctionPlainEnglish","timeout":"60s","availableMemoryMb":256,"serviceAccountEmail":"shopapp-c6bae@appspot.gserviceaccount.com","updateTime":"2021-05-31T14:57:40.985Z","versionId":"2","labels":{"deployment-scheduled":"true","deployment-tool":"cli-firebase"},"sourceUploadUrl":"https://storage.googleapis.com/gcf-upload-us-central1-0bca5915-33ee-40a6-a6d9-67ce249b0c83/b917b9ca-5146-4dbe-a1c5-5d7a1b9255fb.zip?GoogleAccessId=service-116855850513@gcf-admin-robot.iam.gserviceaccount.com&Expires=1622479194&Signature=iKba4VEfEKjnJ4BgSEFQjRT6I0GsZrlIEdby0%2FzSMWQA7BEEG76kAzcSUZkAp6Av1c6aFvAgLz3IzhgE9PsergpmZQlJehe%2FWjVv0aFT6q2Vf7iwby%2BkZ6aWXziio4%2BA4N4V0Dq9OSShUMajqlaYZDhhgFz3zv2fJdwOwBADuzlGnVoWWt0dP1onbL%2FwCv6jEK%2Bh06XUsqv0ODu5hfQlVoRuS5UGkOTppJwKmQgUdkGsa0uV24wpHi3IoPCzKDlGc7EMuYc4wnobvsc3ul%2BR%2FCIdg3ilrb5qreV3BgBCwu7gs%2FMu6Y13S1Z%2BBg5MWi98V3%2FQiFJXa%2BcRnu%2FRIoKqQA%3D%3D","environmentVariables":{"FIREBASE_CONFIG":"{\"projectId\":\"shopapp-c6bae\",\"storageBucket\":\"shopapp-c6bae.appspot.com\",\"locationId\":\"us-central\"}"},"runtime":"nodejs12","ingressSettings":"ALLOW_ALL","buildId":"f2933c28-10c5-4124-9a47-720b4e8f13e7"},"versionId":"3","updateTime":"2021-05-31T16:09:57Z","buildId":"f4c6b648-9817-4d39-8a4e-edc31f98ea0b","buildName":"projects/116855850513/locations/us-central1/builds/f4c6b648-9817-4d39-8a4e-edc31f98ea0b"}}
[debug] [2021-05-31T16:16:05.352Z] [update-projects/shopapp-c6bae/locations/us-central1/functions/scheduledFunctionPlainEnglish] Retrying task index 0
[debug] [2021-05-31T16:16:05.353Z] >>> [apiv2][query] GET https://cloudfunctions.googleapis.com/v1/operations/c2hvcGFwcC1jNmJhZS91cy1jZW50cmFsMS9zY2hlZHVsZWRGdW5jdGlvblBsYWluRW5nbGlzaC93ZTdDcDc3c3NNaw [none]
[debug] [2021-05-31T16:16:05.681Z] <<< [apiv2][status] GET https://cloudfunctions.googleapis.com/v1/operations/c2hvcGFwcC1jNmJhZS91cy1jZW50cmFsMS9zY2hlZHVsZWRGdW5jdGlvblBsYWluRW5nbGlzaC93ZTdDcDc3c3NNaw 200
[debug] [2021-05-31T16:16:05.681Z] <<< [apiv2][body] GET https://cloudfunctions.googleapis.com/v1/operations/c2hvcGFwcC1jNmJhZS91cy1jZW50cmFsMS9zY2hlZHVsZWRGdW5jdGlvblBsYWluRW5nbGlzaC93ZTdDcDc3c3NNaw {"name":"operations/c2hvcGFwcC1jNmJhZS91cy1jZW50cmFsMS9zY2hlZHVsZWRGdW5jdGlvblBsYWluRW5nbGlzaC93ZTdDcDc3c3NNaw","metadata":{"@type":"type.googleapis.com/google.cloud.functions.v1.OperationMetadataV1","target":"projects/shopapp-c6bae/locations/us-central1/functions/scheduledFunctionPlainEnglish","type":"UPDATE_FUNCTION","request":{"@type":"type.googleapis.com/google.cloud.functions.v1.CloudFunction","name":"projects/shopapp-c6bae/locations/us-central1/functions/scheduledFunctionPlainEnglish","eventTrigger":{"eventType":"google.pubsub.topic.publish","resource":"projects/shopapp-c6bae/topics/firebase-schedule-scheduledFunctionPlainEnglish-us-central1","service":"pubsub.googleapis.com"},"status":"UNKNOWN","entryPoint":"scheduledFunctionPlainEnglish","timeout":"60s","availableMemoryMb":256,"serviceAccountEmail":"shopapp-c6bae@appspot.gserviceaccount.com","updateTime":"2021-05-31T14:57:40.985Z","versionId":"2","labels":{"deployment-scheduled":"true","deployment-tool":"cli-firebase"},"sourceUploadUrl":"https://storage.googleapis.com/gcf-upload-us-central1-0bca5915-33ee-40a6-a6d9-67ce249b0c83/b917b9ca-5146-4dbe-a1c5-5d7a1b9255fb.zip?GoogleAccessId=service-116855850513@gcf-admin-robot.iam.gserviceaccount.com&Expires=1622479194&Signature=iKba4VEfEKjnJ4BgSEFQjRT6I0GsZrlIEdby0%2FzSMWQA7BEEG76kAzcSUZkAp6Av1c6aFvAgLz3IzhgE9PsergpmZQlJehe%2FWjVv0aFT6q2Vf7iwby%2BkZ6aWXziio4%2BA4N4V0Dq9OSShUMajqlaYZDhhgFz3zv2fJdwOwBADuzlGnVoWWt0dP1onbL%2FwCv6jEK%2Bh06XUsqv0ODu5hfQlVoRuS5UGkOTppJwKmQgUdkGsa0uV24wpHi3IoPCzKDlGc7EMuYc4wnobvsc3ul%2BR%2FCIdg3ilrb5qreV3BgBCwu7gs%2FMu6Y13S1Z%2BBg5MWi98V3%2FQiFJXa%2BcRnu%2FRIoKqQA%3D%3D","environmentVariables":{"FIREBASE_CONFIG":"{\"projectId\":\"shopapp-c6bae\",\"storageBucket\":\"shopapp-c6bae.appspot.com\",\"locationId\":\"us-central\"}"},"runtime":"nodejs12","ingressSettings":"ALLOW_ALL","buildId":"f2933c28-10c5-4124-9a47-720b4e8f13e7"},"versionId":"3","updateTime":"2021-05-31T16:09:57Z","buildId":"f4c6b648-9817-4d39-8a4e-edc31f98ea0b","buildName":"projects/116855850513/locations/us-central1/builds/f4c6b648-9817-4d39-8a4e-edc31f98ea0b"}}
[debug] [2021-05-31T16:17:05.688Z] [update-projects/shopapp-c6bae/locations/us-central1/functions/scheduledFunctionPlainEnglish] Retrying task index 0
[debug] [2021-05-31T16:17:05.689Z] >>> [apiv2][query] GET https://cloudfunctions.googleapis.com/v1/operations/c2hvcGFwcC1jNmJhZS91cy1jZW50cmFsMS9zY2hlZHVsZWRGdW5jdGlvblBsYWluRW5nbGlzaC93ZTdDcDc3c3NNaw [none]
[debug] [2021-05-31T16:17:05.990Z] <<< [apiv2][status] GET https://cloudfunctions.googleapis.com/v1/operations/c2hvcGFwcC1jNmJhZS91cy1jZW50cmFsMS9zY2hlZHVsZWRGdW5jdGlvblBsYWluRW5nbGlzaC93ZTdDcDc3c3NNaw 200
[debug] [2021-05-31T16:17:05.991Z] <<< [apiv2][body] GET https://cloudfunctions.googleapis.com/v1/operations/c2hvcGFwcC1jNmJhZS91cy1jZW50cmFsMS9zY2hlZHVsZWRGdW5jdGlvblBsYWluRW5nbGlzaC93ZTdDcDc3c3NNaw {"name":"operations/c2hvcGFwcC1jNmJhZS91cy1jZW50cmFsMS9zY2hlZHVsZWRGdW5jdGlvblBsYWluRW5nbGlzaC93ZTdDcDc3c3NNaw","metadata":{"@type":"type.googleapis.com/google.cloud.functions.v1.OperationMetadataV1","target":"projects/shopapp-c6bae/locations/us-central1/functions/scheduledFunctionPlainEnglish","type":"UPDATE_FUNCTION","request":{"@type":"type.googleapis.com/google.cloud.functions.v1.CloudFunction","name":"projects/shopapp-c6bae/locations/us-central1/functions/scheduledFunctionPlainEnglish","eventTrigger":{"eventType":"google.pubsub.topic.publish","resource":"projects/shopapp-c6bae/topics/firebase-schedule-scheduledFunctionPlainEnglish-us-central1","service":"pubsub.googleapis.com"},"status":"UNKNOWN","entryPoint":"scheduledFunctionPlainEnglish","timeout":"60s","availableMemoryMb":256,"serviceAccountEmail":"shopapp-c6bae@appspot.gserviceaccount.com","updateTime":"2021-05-31T14:57:40.985Z","versionId":"2","labels":{"deployment-scheduled":"true","deployment-tool":"cli-firebase"},"sourceUploadUrl":"https://storage.googleapis.com/gcf-upload-us-central1-0bca5915-33ee-40a6-a6d9-67ce249b0c83/b917b9ca-5146-4dbe-a1c5-5d7a1b9255fb.zip?GoogleAccessId=service-116855850513@gcf-admin-robot.iam.gserviceaccount.com&Expires=1622479194&Signature=iKba4VEfEKjnJ4BgSEFQjRT6I0GsZrlIEdby0%2FzSMWQA7BEEG76kAzcSUZkAp6Av1c6aFvAgLz3IzhgE9PsergpmZQlJehe%2FWjVv0aFT6q2Vf7iwby%2BkZ6aWXziio4%2BA4N4V0Dq9OSShUMajqlaYZDhhgFz3zv2fJdwOwBADuzlGnVoWWt0dP1onbL%2FwCv6jEK%2Bh06XUsqv0ODu5hfQlVoRuS5UGkOTppJwKmQgUdkGsa0uV24wpHi3IoPCzKDlGc7EMuYc4wnobvsc3ul%2BR%2FCIdg3ilrb5qreV3BgBCwu7gs%2FMu6Y13S1Z%2BBg5MWi98V3%2FQiFJXa%2BcRnu%2FRIoKqQA%3D%3D","environmentVariables":{"FIREBASE_CONFIG":"{\"projectId\":\"shopapp-c6bae\",\"storageBucket\":\"shopapp-c6bae.appspot.com\",\"locationId\":\"us-central\"}"},"runtime":"nodejs12","ingressSettings":"ALLOW_ALL","buildId":"f2933c28-10c5-4124-9a47-720b4e8f13e7"},"versionId":"3","updateTime":"2021-05-31T16:09:57Z","buildId":"f4c6b648-9817-4d39-8a4e-edc31f98ea0b","buildName":"projects/116855850513/locations/us-central1/builds/f4c6b648-9817-4d39-8a4e-edc31f98ea0b"}}
